<?xml version="1.0" encoding="UTF-8"?>
<!-- Generated by org.testng.reporters.JUnitReportReporter -->
<testsuite hostname="Aparna" failures="0" tests="1" name="test1.task3" time="12.778" errors="0" timestamp="2023-04-27T15:14:15 IST" skipped="0">
  <testcase classname="test1.task3" name="TC_001" time="12.778"/>
  <system-out/>
</testsuite> <!-- test1.task3 -->
