<?xml version="1.0" encoding="UTF-8"?>
<!-- Generated by org.testng.reporters.JUnitReportReporter -->
<testsuite hostname="Aparna" failures="0" tests="4" name="test1.calculator" time="0.018" errors="0" timestamp="2023-04-27T12:33:47 IST" skipped="0">
  <testcase classname="test1.calculator" name="multiply" time="0.001"/>
  <system-out/>
  <testcase classname="test1.calculator" name="add" time="0.015"/>
  <system-out/>
  <testcase classname="test1.calculator" name="subract" time="0.001"/>
  <system-out/>
  <testcase classname="test1.calculator" name="divide" time="0.001"/>
  <system-out/>
</testsuite> <!-- test1.calculator -->
